0 info it worked if it ends with ok
1 verbose cli [ 'C:\\Program Files\\nodejs\\node.exe',
1 verbose cli   'C:\\Program Files\\nodejs\\node_modules\\npm\\bin\\npm-cli.js',
1 verbose cli   'version',
1 verbose cli   'patch' ]
2 info using npm@3.10.8
3 info using node@v7.0.0
4 info git [ 'status', '--porcelain' ]
5 verbose stack Error: Git working directory not clean.
5 verbose stack M  README.md
5 verbose stack A  examples/counter/.gitignore
5 verbose stack A  examples/counter/README.md
5 verbose stack A  examples/counter/config/env.js
5 verbose stack A  examples/counter/config/jest/cssTransform.js
5 verbose stack A  examples/counter/config/jest/fileTransform.js
5 verbose stack A  examples/counter/config/paths.js
5 verbose stack A  examples/counter/config/polyfills.js
5 verbose stack A  examples/counter/config/webpack.config.dev.js
5 verbose stack A  examples/counter/config/webpack.config.prod.js
5 verbose stack A  examples/counter/package.json
5 verbose stack A  examples/counter/public/favicon.ico
5 verbose stack A  examples/counter/public/index.html
5 verbose stack A  examples/counter/scripts/build.js
5 verbose stack A  examples/counter/scripts/start.js
5 verbose stack A  examples/counter/scripts/test.js
5 verbose stack A  examples/counter/src/App.css
5 verbose stack A  examples/counter/src/App.js
5 verbose stack A  examples/counter/src/App.test.js
5 verbose stack A  examples/counter/src/components/Counter/container.js
5 verbose stack A  examples/counter/src/components/Counter/countService.js
5 verbose stack A  examples/counter/src/components/Counter/index.js
5 verbose stack A  examples/counter/src/components/Counter/modules.js
5 verbose stack A  examples/counter/src/components/reducer.js
5 verbose stack A  examples/counter/src/components/store.js
5 verbose stack A  examples/counter/src/index.css
5 verbose stack A  examples/counter/src/index.js
5 verbose stack A  examples/counter/src/logo.svg
5 verbose stack A  examples/counter/yarn.lock
5 verbose stack A  examples/todo/.gitignore
5 verbose stack A  examples/todo/README.md
5 verbose stack A  examples/todo/config/env.js
5 verbose stack A  examples/todo/config/jest/cssTransform.js
5 verbose stack A  examples/todo/config/jest/fileTransform.js
5 verbose stack A  examples/todo/config/paths.js
5 verbose stack A  examples/todo/config/polyfills.js
5 verbose stack A  examples/todo/config/webpack.config.dev.js
5 verbose stack A  examples/todo/config/webpack.config.prod.js
5 verbose stack A  examples/todo/package.json
5 verbose stack A  examples/todo/public/favicon.ico
5 verbose stack A  examples/todo/public/index.html
5 verbose stack A  examples/todo/scripts/build.js
5 verbose stack A  examples/todo/scripts/start.js
5 verbose stack A  examples/todo/scripts/test.js
5 verbose stack A  examples/todo/src/App.css
5 verbose stack A  examples/todo/src/App.js
5 verbose stack A  examples/todo/src/App.test.js
5 verbose stack A  examples/todo/src/components/Todo/AddTodo/container.js
5 verbose stack A  examples/todo/src/components/Todo/AddTodo/index.js
5 verbose stack A  examples/todo/src/components/Todo/Footer/index.js
5 verbose stack A  examples/todo/src/components/Todo/Link/container.js
5 verbose stack A  examples/todo/src/components/Todo/Link/index.js
5 verbose stack A  examples/todo/src/components/Todo/Todo/index.js
5 verbose stack A  examples/todo/src/components/Todo/TodoLayout/index.js
5 verbose stack A  examples/todo/src/components/Todo/TodoList/container.js
5 verbose stack A  examples/todo/src/components/Todo/TodoList/index.js
5 verbose stack A  examples/todo/src/components/Todo/modules/todos.js
5 verbose stack A  examples/todo/src/components/Todo/modules/visibilityFilter.js
5 verbose stack A  examples/todo/src/components/reducer.js
5 verbose stack A  examples/todo/src/components/store.js
5 verbose stack A  examples/todo/src/index.css
5 verbose stack A  examples/todo/src/index.js
5 verbose stack A  examples/todo/src/logo.svg
5 verbose stack A  examples/todo/yarn.lock
5 verbose stack M  lib/index.js
5 verbose stack M  src/index.js
5 verbose stack AM usage.md
5 verbose stack     at C:\Users\paul.spaulding\AppData\Roaming\nvm\v7.0.0\node_modules\npm\lib\version.js:247:19
5 verbose stack     at C:\Users\paul.spaulding\AppData\Roaming\nvm\v7.0.0\node_modules\npm\lib\utils\no-progress-while-running.js:21:8
5 verbose stack     at ChildProcess.exithandler (child_process.js:202:7)
5 verbose stack     at emitTwo (events.js:106:13)
5 verbose stack     at ChildProcess.emit (events.js:191:7)
5 verbose stack     at maybeClose (internal/child_process.js:877:16)
5 verbose stack     at Socket.<anonymous> (internal/child_process.js:334:11)
5 verbose stack     at emitOne (events.js:96:13)
5 verbose stack     at Socket.emit (events.js:188:7)
5 verbose stack     at Pipe._handle.close [as _onclose] (net.js:501:12)
6 verbose cwd E:\projects\vanillaware\create-redux-module
7 error Windows_NT 6.1.7601
8 error argv "C:\\Program Files\\nodejs\\node.exe" "C:\\Program Files\\nodejs\\node_modules\\npm\\bin\\npm-cli.js" "version" "patch"
9 error node v7.0.0
10 error npm  v3.10.8
11 error Git working directory not clean.
11 error M  README.md
11 error A  examples/counter/.gitignore
11 error A  examples/counter/README.md
11 error A  examples/counter/config/env.js
11 error A  examples/counter/config/jest/cssTransform.js
11 error A  examples/counter/config/jest/fileTransform.js
11 error A  examples/counter/config/paths.js
11 error A  examples/counter/config/polyfills.js
11 error A  examples/counter/config/webpack.config.dev.js
11 error A  examples/counter/config/webpack.config.prod.js
11 error A  examples/counter/package.json
11 error A  examples/counter/public/favicon.ico
11 error A  examples/counter/public/index.html
11 error A  examples/counter/scripts/build.js
11 error A  examples/counter/scripts/start.js
11 error A  examples/counter/scripts/test.js
11 error A  examples/counter/src/App.css
11 error A  examples/counter/src/App.js
11 error A  examples/counter/src/App.test.js
11 error A  examples/counter/src/components/Counter/container.js
11 error A  examples/counter/src/components/Counter/countService.js
11 error A  examples/counter/src/components/Counter/index.js
11 error A  examples/counter/src/components/Counter/modules.js
11 error A  examples/counter/src/components/reducer.js
11 error A  examples/counter/src/components/store.js
11 error A  examples/counter/src/index.css
11 error A  examples/counter/src/index.js
11 error A  examples/counter/src/logo.svg
11 error A  examples/counter/yarn.lock
11 error A  examples/todo/.gitignore
11 error A  examples/todo/README.md
11 error A  examples/todo/config/env.js
11 error A  examples/todo/config/jest/cssTransform.js
11 error A  examples/todo/config/jest/fileTransform.js
11 error A  examples/todo/config/paths.js
11 error A  examples/todo/config/polyfills.js
11 error A  examples/todo/config/webpack.config.dev.js
11 error A  examples/todo/config/webpack.config.prod.js
11 error A  examples/todo/package.json
11 error A  examples/todo/public/favicon.ico
11 error A  examples/todo/public/index.html
11 error A  examples/todo/scripts/build.js
11 error A  examples/todo/scripts/start.js
11 error A  examples/todo/scripts/test.js
11 error A  examples/todo/src/App.css
11 error A  examples/todo/src/App.js
11 error A  examples/todo/src/App.test.js
11 error A  examples/todo/src/components/Todo/AddTodo/container.js
11 error A  examples/todo/src/components/Todo/AddTodo/index.js
11 error A  examples/todo/src/components/Todo/Footer/index.js
11 error A  examples/todo/src/components/Todo/Link/container.js
11 error A  examples/todo/src/components/Todo/Link/index.js
11 error A  examples/todo/src/components/Todo/Todo/index.js
11 error A  examples/todo/src/components/Todo/TodoLayout/index.js
11 error A  examples/todo/src/components/Todo/TodoList/container.js
11 error A  examples/todo/src/components/Todo/TodoList/index.js
11 error A  examples/todo/src/components/Todo/modules/todos.js
11 error A  examples/todo/src/components/Todo/modules/visibilityFilter.js
11 error A  examples/todo/src/components/reducer.js
11 error A  examples/todo/src/components/store.js
11 error A  examples/todo/src/index.css
11 error A  examples/todo/src/index.js
11 error A  examples/todo/src/logo.svg
11 error A  examples/todo/yarn.lock
11 error M  lib/index.js
11 error M  src/index.js
11 error AM usage.md
12 error If you need help, you may report this error at:
12 error     <https://github.com/npm/npm/issues>
13 verbose exit [ 1, true ]
